<?xml version="1.0" encoding="UTF-8"?>
<!-- Generated by org.testng.reporters.JUnitReportReporter -->
<testsuite skipped="0" hostname="idea-PC" name="com.scp.ENUM.Demo4" tests="3" failures="0" timestamp="27 Apr 2018 15:52:33 GMT" time="0.025" errors="0">
  <testcase name="abc" time="0.020" classname="com.scp.ENUM.Demo4"/>
  <testcase name="ghi" time="0.000" classname="com.scp.ENUM.Demo4"/>
  <testcase name="def" time="0.005" classname="com.scp.ENUM.Demo4"/>
</testsuite> <!-- com.scp.ENUM.Demo4 -->
