<?xml version="1.0" encoding="UTF-8"?>
<!-- Generated by org.testng.reporters.JUnitReportReporter -->
<testsuite skipped="0" hostname="idea-PC" name="test4.pck.com.NewTest" tests="1" failures="0" timestamp="09 Nov 2017 15:18:55 GMT" time="13.929" errors="0">
  <testcase name="Login" time="13.929" classname="test4.pck.com.NewTest"/>
</testsuite> <!-- test4.pck.com.NewTest -->
